2018-06-21 16:44:19.156076 INFO AppDaemon Version 3.0.1 starting
2018-06-21 16:44:19.156885 INFO Configuration read from: /config/appdaemon/appdaemon.yaml
2018-06-21 16:44:35.747738 INFO AppDaemon Version 3.0.1 starting
2018-06-21 16:44:35.748506 INFO Configuration read from: /config/appdaemon/appdaemon.yaml
2018-06-21 16:44:39.837228 INFO AppDaemon Version 3.0.1 starting
2018-06-21 16:44:39.837953 INFO Configuration read from: /config/appdaemon/appdaemon.yaml
2018-06-21 16:44:43.903012 INFO AppDaemon Version 3.0.1 starting
2018-06-21 16:44:43.903739 INFO Configuration read from: /config/appdaemon/appdaemon.yaml
2018-06-21 16:44:47.866386 INFO AppDaemon Version 3.0.1 starting
2018-06-21 16:44:47.867139 INFO Configuration read from: /config/appdaemon/appdaemon.yaml
2018-06-21 16:44:51.909240 INFO AppDaemon Version 3.0.1 starting
2018-06-21 16:44:51.909962 INFO Configuration read from: /config/appdaemon/appdaemon.yaml
2018-06-21 16:44:56.032164 INFO AppDaemon Version 3.0.1 starting
2018-06-21 16:44:56.032978 INFO Configuration read from: /config/appdaemon/appdaemon.yaml
2018-06-21 16:45:00.325766 INFO AppDaemon Version 3.0.1 starting
2018-06-21 16:45:00.326541 INFO Configuration read from: /config/appdaemon/appdaemon.yaml
2018-06-21 16:45:04.368132 INFO AppDaemon Version 3.0.1 starting
2018-06-21 16:45:04.368864 INFO Configuration read from: /config/appdaemon/appdaemon.yaml
2018-06-21 16:45:08.335990 INFO AppDaemon Version 3.0.1 starting
2018-06-21 16:45:08.336742 INFO Configuration read from: /config/appdaemon/appdaemon.yaml
2018-06-21 16:45:12.304813 INFO AppDaemon Version 3.0.1 starting
2018-06-21 16:45:12.305603 INFO Configuration read from: /config/appdaemon/appdaemon.yaml
2018-06-21 16:45:16.431339 INFO AppDaemon Version 3.0.1 starting
2018-06-21 16:45:16.432107 INFO Configuration read from: /config/appdaemon/appdaemon.yaml
2018-06-21 16:45:20.347325 INFO AppDaemon Version 3.0.1 starting
2018-06-21 16:45:20.348057 INFO Configuration read from: /config/appdaemon/appdaemon.yaml
2018-06-21 16:45:24.327440 INFO AppDaemon Version 3.0.1 starting
2018-06-21 16:45:24.328163 INFO Configuration read from: /config/appdaemon/appdaemon.yaml
2018-06-21 16:45:28.263999 INFO AppDaemon Version 3.0.1 starting
2018-06-21 16:45:28.264729 INFO Configuration read from: /config/appdaemon/appdaemon.yaml
2018-06-21 16:45:32.240380 INFO AppDaemon Version 3.0.1 starting
2018-06-21 16:45:32.241105 INFO Configuration read from: /config/appdaemon/appdaemon.yaml
2018-06-21 16:45:36.237372 INFO AppDaemon Version 3.0.1 starting
2018-06-21 16:45:36.238125 INFO Configuration read from: /config/appdaemon/appdaemon.yaml
2018-06-21 16:45:40.176978 INFO AppDaemon Version 3.0.1 starting
2018-06-21 16:45:40.177709 INFO Configuration read from: /config/appdaemon/appdaemon.yaml
2018-06-21 16:45:44.146720 INFO AppDaemon Version 3.0.1 starting
2018-06-21 16:45:44.147449 INFO Configuration read from: /config/appdaemon/appdaemon.yaml
2018-06-21 16:45:48.102519 INFO AppDaemon Version 3.0.1 starting
2018-06-21 16:45:48.103240 INFO Configuration read from: /config/appdaemon/appdaemon.yaml
2018-06-21 16:45:52.153585 INFO AppDaemon Version 3.0.1 starting
2018-06-21 16:45:52.154305 INFO Configuration read from: /config/appdaemon/appdaemon.yaml
2018-06-21 16:45:56.123316 INFO AppDaemon Version 3.0.1 starting
2018-06-21 16:45:56.124032 INFO Configuration read from: /config/appdaemon/appdaemon.yaml
2018-06-21 16:46:00.090826 INFO AppDaemon Version 3.0.1 starting
2018-06-21 16:46:00.091557 INFO Configuration read from: /config/appdaemon/appdaemon.yaml
2018-06-21 16:46:04.231707 INFO AppDaemon Version 3.0.1 starting
2018-06-21 16:46:04.232433 INFO Configuration read from: /config/appdaemon/appdaemon.yaml
2018-06-21 16:46:08.285586 INFO AppDaemon Version 3.0.1 starting
2018-06-21 16:46:08.286355 INFO Configuration read from: /config/appdaemon/appdaemon.yaml
2018-06-21 16:46:12.285811 INFO AppDaemon Version 3.0.1 starting
2018-06-21 16:46:12.286768 INFO Configuration read from: /config/appdaemon/appdaemon.yaml
2018-06-21 16:46:16.201084 INFO AppDaemon Version 3.0.1 starting
2018-06-21 16:46:16.201815 INFO Configuration read from: /config/appdaemon/appdaemon.yaml
2018-06-21 16:46:20.244255 INFO AppDaemon Version 3.0.1 starting
2018-06-21 16:46:20.244992 INFO Configuration read from: /config/appdaemon/appdaemon.yaml
2018-06-21 16:46:24.404598 INFO AppDaemon Version 3.0.1 starting
2018-06-21 16:46:24.405365 INFO Configuration read from: /config/appdaemon/appdaemon.yaml
2018-06-21 16:46:28.353209 INFO AppDaemon Version 3.0.1 starting
2018-06-21 16:46:28.362841 INFO Configuration read from: /config/appdaemon/appdaemon.yaml
2018-06-21 16:46:32.266983 INFO AppDaemon Version 3.0.1 starting
2018-06-21 16:46:32.267719 INFO Configuration read from: /config/appdaemon/appdaemon.yaml
2018-06-21 16:46:36.298482 INFO AppDaemon Version 3.0.1 starting
2018-06-21 16:46:36.299217 INFO Configuration read from: /config/appdaemon/appdaemon.yaml
2018-06-21 16:46:40.381433 INFO AppDaemon Version 3.0.1 starting
2018-06-21 16:46:40.382146 INFO Configuration read from: /config/appdaemon/appdaemon.yaml
2018-06-21 16:46:44.296792 INFO AppDaemon Version 3.0.1 starting
2018-06-21 16:46:44.297523 INFO Configuration read from: /config/appdaemon/appdaemon.yaml
2018-06-21 16:46:48.224791 INFO AppDaemon Version 3.0.1 starting
2018-06-21 16:46:48.225597 INFO Configuration read from: /config/appdaemon/appdaemon.yaml
2018-06-21 16:46:52.215240 INFO AppDaemon Version 3.0.1 starting
2018-06-21 16:46:52.216080 INFO Configuration read from: /config/appdaemon/appdaemon.yaml
2018-06-21 16:46:56.200459 INFO AppDaemon Version 3.0.1 starting
2018-06-21 16:46:56.201200 INFO Configuration read from: /config/appdaemon/appdaemon.yaml
2018-06-21 16:47:00.180614 INFO AppDaemon Version 3.0.1 starting
2018-06-21 16:47:00.181360 INFO Configuration read from: /config/appdaemon/appdaemon.yaml
2018-06-21 16:47:04.196340 INFO AppDaemon Version 3.0.1 starting
2018-06-21 16:47:04.197080 INFO Configuration read from: /config/appdaemon/appdaemon.yaml
2018-06-21 16:47:08.196113 INFO AppDaemon Version 3.0.1 starting
2018-06-21 16:47:08.196863 INFO Configuration read from: /config/appdaemon/appdaemon.yaml
2018-06-21 16:47:12.166336 INFO AppDaemon Version 3.0.1 starting
2018-06-21 16:47:12.167067 INFO Configuration read from: /config/appdaemon/appdaemon.yaml
2018-06-21 16:47:16.393150 INFO AppDaemon Version 3.0.1 starting
2018-06-21 16:47:16.393882 INFO Configuration read from: /config/appdaemon/appdaemon.yaml
2018-06-21 16:47:20.333185 INFO AppDaemon Version 3.0.1 starting
2018-06-21 16:47:20.333913 INFO Configuration read from: /config/appdaemon/appdaemon.yaml
2018-06-21 16:47:24.296359 INFO AppDaemon Version 3.0.1 starting
2018-06-21 16:47:24.297120 INFO Configuration read from: /config/appdaemon/appdaemon.yaml
2018-06-21 16:47:28.238469 INFO AppDaemon Version 3.0.1 starting
2018-06-21 16:47:28.239203 INFO Configuration read from: /config/appdaemon/appdaemon.yaml
2018-06-21 16:47:32.199632 INFO AppDaemon Version 3.0.1 starting
2018-06-21 16:47:32.200367 INFO Configuration read from: /config/appdaemon/appdaemon.yaml
2018-06-21 16:47:36.186296 INFO AppDaemon Version 3.0.1 starting
2018-06-21 16:47:36.187063 INFO Configuration read from: /config/appdaemon/appdaemon.yaml
2018-06-21 16:47:40.142958 INFO AppDaemon Version 3.0.1 starting
2018-06-21 16:47:40.143678 INFO Configuration read from: /config/appdaemon/appdaemon.yaml
2018-06-21 16:47:44.087534 INFO AppDaemon Version 3.0.1 starting
2018-06-21 16:47:44.101822 INFO Configuration read from: /config/appdaemon/appdaemon.yaml
2018-06-21 16:47:48.191083 INFO AppDaemon Version 3.0.1 starting
2018-06-21 16:47:48.191816 INFO Configuration read from: /config/appdaemon/appdaemon.yaml
2018-06-21 16:47:52.250688 INFO AppDaemon Version 3.0.1 starting
2018-06-21 16:47:52.251422 INFO Configuration read from: /config/appdaemon/appdaemon.yaml
2018-06-21 16:47:56.360027 INFO AppDaemon Version 3.0.1 starting
2018-06-21 16:47:56.360751 INFO Configuration read from: /config/appdaemon/appdaemon.yaml
2018-06-21 16:48:00.334116 INFO AppDaemon Version 3.0.1 starting
2018-06-21 16:48:00.334843 INFO Configuration read from: /config/appdaemon/appdaemon.yaml
2018-06-21 16:48:04.240199 INFO AppDaemon Version 3.0.1 starting
2018-06-21 16:48:04.240915 INFO Configuration read from: /config/appdaemon/appdaemon.yaml
2018-06-21 16:48:08.179723 INFO AppDaemon Version 3.0.1 starting
2018-06-21 16:48:08.180448 INFO Configuration read from: /config/appdaemon/appdaemon.yaml
2018-06-21 16:48:12.167648 INFO AppDaemon Version 3.0.1 starting
2018-06-21 16:48:12.168398 INFO Configuration read from: /config/appdaemon/appdaemon.yaml
2018-06-21 16:48:16.151417 INFO AppDaemon Version 3.0.1 starting
2018-06-21 16:48:16.152176 INFO Configuration read from: /config/appdaemon/appdaemon.yaml
2018-06-21 16:48:20.301321 INFO AppDaemon Version 3.0.1 starting
2018-06-21 16:48:20.302046 INFO Configuration read from: /config/appdaemon/appdaemon.yaml
2018-06-21 16:48:24.253469 INFO AppDaemon Version 3.0.1 starting
2018-06-21 16:48:24.254208 INFO Configuration read from: /config/appdaemon/appdaemon.yaml
2018-06-21 16:48:28.402908 INFO AppDaemon Version 3.0.1 starting
2018-06-21 16:48:28.403631 INFO Configuration read from: /config/appdaemon/appdaemon.yaml
2018-06-21 16:48:32.381960 INFO AppDaemon Version 3.0.1 starting
2018-06-21 16:48:32.382687 INFO Configuration read from: /config/appdaemon/appdaemon.yaml
2018-06-21 16:48:36.503106 INFO AppDaemon Version 3.0.1 starting
2018-06-21 16:48:36.503837 INFO Configuration read from: /config/appdaemon/appdaemon.yaml
2018-06-21 16:48:40.451524 INFO AppDaemon Version 3.0.1 starting
2018-06-21 16:48:40.452246 INFO Configuration read from: /config/appdaemon/appdaemon.yaml
2018-06-21 16:48:44.461604 INFO AppDaemon Version 3.0.1 starting
2018-06-21 16:48:44.462324 INFO Configuration read from: /config/appdaemon/appdaemon.yaml
2018-06-21 16:48:48.399684 INFO AppDaemon Version 3.0.1 starting
2018-06-21 16:48:48.400406 INFO Configuration read from: /config/appdaemon/appdaemon.yaml
2018-06-21 16:48:52.437160 INFO AppDaemon Version 3.0.1 starting
2018-06-21 16:48:52.437886 INFO Configuration read from: /config/appdaemon/appdaemon.yaml
2018-06-21 16:48:56.425632 INFO AppDaemon Version 3.0.1 starting
2018-06-21 16:48:56.426403 INFO Configuration read from: /config/appdaemon/appdaemon.yaml
2018-06-21 16:49:00.408595 INFO AppDaemon Version 3.0.1 starting
2018-06-21 16:49:00.409317 INFO Configuration read from: /config/appdaemon/appdaemon.yaml
2018-06-21 16:49:04.377373 INFO AppDaemon Version 3.0.1 starting
2018-06-21 16:49:04.378103 INFO Configuration read from: /config/appdaemon/appdaemon.yaml
2018-06-21 16:49:08.352721 INFO AppDaemon Version 3.0.1 starting
2018-06-21 16:49:08.353446 INFO Configuration read from: /config/appdaemon/appdaemon.yaml
2018-06-21 16:49:12.472931 INFO AppDaemon Version 3.0.1 starting
2018-06-21 16:49:12.473659 INFO Configuration read from: /config/appdaemon/appdaemon.yaml
2018-06-21 16:49:16.394962 INFO AppDaemon Version 3.0.1 starting
2018-06-21 16:49:16.395746 INFO Configuration read from: /config/appdaemon/appdaemon.yaml
2018-06-21 16:49:20.349812 INFO AppDaemon Version 3.0.1 starting
2018-06-21 16:49:20.350550 INFO Configuration read from: /config/appdaemon/appdaemon.yaml
2018-06-21 16:49:24.329101 INFO AppDaemon Version 3.0.1 starting
2018-06-21 16:49:24.329837 INFO Configuration read from: /config/appdaemon/appdaemon.yaml
2018-06-21 16:49:28.281082 INFO AppDaemon Version 3.0.1 starting
2018-06-21 16:49:28.281825 INFO Configuration read from: /config/appdaemon/appdaemon.yaml
2018-06-21 16:49:32.249192 INFO AppDaemon Version 3.0.1 starting
2018-06-21 16:49:32.249924 INFO Configuration read from: /config/appdaemon/appdaemon.yaml
2018-06-21 16:49:36.226572 INFO AppDaemon Version 3.0.1 starting
2018-06-21 16:49:36.227347 INFO Configuration read from: /config/appdaemon/appdaemon.yaml
2018-06-21 16:49:40.204930 INFO AppDaemon Version 3.0.1 starting
2018-06-21 16:49:40.205758 INFO Configuration read from: /config/appdaemon/appdaemon.yaml
2018-06-21 16:49:44.247843 INFO AppDaemon Version 3.0.1 starting
2018-06-21 16:49:44.248577 INFO Configuration read from: /config/appdaemon/appdaemon.yaml
2018-06-21 16:49:48.245144 INFO AppDaemon Version 3.0.1 starting
2018-06-21 16:49:48.246006 INFO Configuration read from: /config/appdaemon/appdaemon.yaml
2018-06-21 16:49:52.216416 INFO AppDaemon Version 3.0.1 starting
2018-06-21 16:49:52.217163 INFO Configuration read from: /config/appdaemon/appdaemon.yaml
2018-06-21 16:49:56.126304 INFO AppDaemon Version 3.0.1 starting
2018-06-21 16:49:56.127046 INFO Configuration read from: /config/appdaemon/appdaemon.yaml
2018-06-21 16:50:00.080493 INFO AppDaemon Version 3.0.1 starting
2018-06-21 16:50:00.081220 INFO Configuration read from: /config/appdaemon/appdaemon.yaml
2018-06-21 16:50:04.060331 INFO AppDaemon Version 3.0.1 starting
2018-06-21 16:50:04.061073 INFO Configuration read from: /config/appdaemon/appdaemon.yaml
2018-06-21 16:50:08.030650 INFO AppDaemon Version 3.0.1 starting
2018-06-21 16:50:08.031416 INFO Configuration read from: /config/appdaemon/appdaemon.yaml
2018-06-21 16:50:12.000100 INFO AppDaemon Version 3.0.1 starting
2018-06-21 16:50:12.000838 INFO Configuration read from: /config/appdaemon/appdaemon.yaml
2018-06-21 16:50:15.929846 INFO AppDaemon Version 3.0.1 starting
2018-06-21 16:50:15.930571 INFO Configuration read from: /config/appdaemon/appdaemon.yaml
2018-06-21 16:50:19.880956 INFO AppDaemon Version 3.0.1 starting
2018-06-21 16:50:19.881690 INFO Configuration read from: /config/appdaemon/appdaemon.yaml
2018-06-21 16:50:23.936301 INFO AppDaemon Version 3.0.1 starting
2018-06-21 16:50:23.937059 INFO Configuration read from: /config/appdaemon/appdaemon.yaml
2018-06-21 16:50:28.075725 INFO AppDaemon Version 3.0.1 starting
2018-06-21 16:50:28.076576 INFO Configuration read from: /config/appdaemon/appdaemon.yaml
2018-06-21 16:50:45.482132 INFO AppDaemon Version 3.0.1 starting
2018-06-21 16:50:45.482886 INFO Configuration read from: /config/appdaemon/appdaemon.yaml
2018-06-21 16:50:49.500691 INFO AppDaemon Version 3.0.1 starting
2018-06-21 16:50:49.501423 INFO Configuration read from: /config/appdaemon/appdaemon.yaml
2018-06-21 16:50:53.428741 INFO AppDaemon Version 3.0.1 starting
2018-06-21 16:50:53.429487 INFO Configuration read from: /config/appdaemon/appdaemon.yaml
2018-06-21 16:50:57.343949 INFO AppDaemon Version 3.0.1 starting
2018-06-21 16:50:57.344695 INFO Configuration read from: /config/appdaemon/appdaemon.yaml
2018-06-21 16:51:01.242482 INFO AppDaemon Version 3.0.1 starting
2018-06-21 16:51:01.243212 INFO Configuration read from: /config/appdaemon/appdaemon.yaml
2018-06-21 16:51:05.162611 INFO AppDaemon Version 3.0.1 starting
2018-06-21 16:51:05.163343 INFO Configuration read from: /config/appdaemon/appdaemon.yaml
2018-06-21 16:51:09.288993 INFO AppDaemon Version 3.0.1 starting
2018-06-21 16:51:09.289734 INFO Configuration read from: /config/appdaemon/appdaemon.yaml
2018-06-21 16:51:13.224783 INFO AppDaemon Version 3.0.1 starting
2018-06-21 16:51:13.225625 INFO Configuration read from: /config/appdaemon/appdaemon.yaml
2018-06-21 16:51:17.185490 INFO AppDaemon Version 3.0.1 starting
2018-06-21 16:51:17.186294 INFO Configuration read from: /config/appdaemon/appdaemon.yaml
2018-06-21 16:51:21.178468 INFO AppDaemon Version 3.0.1 starting
2018-06-21 16:51:21.179243 INFO Configuration read from: /config/appdaemon/appdaemon.yaml
2018-06-21 16:51:25.130651 INFO AppDaemon Version 3.0.1 starting
2018-06-21 16:51:25.131379 INFO Configuration read from: /config/appdaemon/appdaemon.yaml
2018-06-21 16:51:29.075815 INFO AppDaemon Version 3.0.1 starting
2018-06-21 16:51:29.076582 INFO Configuration read from: /config/appdaemon/appdaemon.yaml
2018-06-21 16:51:33.004190 INFO AppDaemon Version 3.0.1 starting
2018-06-21 16:51:33.005037 INFO Configuration read from: /config/appdaemon/appdaemon.yaml
2018-06-21 16:51:36.926907 INFO AppDaemon Version 3.0.1 starting
2018-06-21 16:51:36.927660 INFO Configuration read from: /config/appdaemon/appdaemon.yaml
2018-06-21 16:51:40.831990 INFO AppDaemon Version 3.0.1 starting
2018-06-21 16:51:40.832728 INFO Configuration read from: /config/appdaemon/appdaemon.yaml
2018-06-21 16:51:44.747599 INFO AppDaemon Version 3.0.1 starting
2018-06-21 16:51:44.748341 INFO Configuration read from: /config/appdaemon/appdaemon.yaml
2018-06-21 16:51:48.699926 INFO AppDaemon Version 3.0.1 starting
2018-06-21 16:51:48.700668 INFO Configuration read from: /config/appdaemon/appdaemon.yaml
2018-06-21 16:51:52.659464 INFO AppDaemon Version 3.0.1 starting
2018-06-21 16:51:52.660204 INFO Configuration read from: /config/appdaemon/appdaemon.yaml
2018-06-21 16:52:12.209718 INFO AppDaemon Version 3.0.1 starting
2018-06-21 16:52:12.210498 INFO Configuration read from: /config/appdaemon/appdaemon.yaml
2018-06-21 16:52:16.186155 INFO AppDaemon Version 3.0.1 starting
2018-06-21 16:52:16.186918 INFO Configuration read from: /config/appdaemon/appdaemon.yaml
2018-06-21 16:52:20.194070 INFO AppDaemon Version 3.0.1 starting
2018-06-21 16:52:20.194808 INFO Configuration read from: /config/appdaemon/appdaemon.yaml
2018-06-21 16:52:24.225510 INFO AppDaemon Version 3.0.1 starting
2018-06-21 16:52:24.226282 INFO Configuration read from: /config/appdaemon/appdaemon.yaml
2018-06-21 16:52:28.164876 INFO AppDaemon Version 3.0.1 starting
2018-06-21 16:52:28.165690 INFO Configuration read from: /config/appdaemon/appdaemon.yaml
2018-06-21 16:52:32.259071 INFO AppDaemon Version 3.0.1 starting
2018-06-21 16:52:32.260358 INFO Configuration read from: /config/appdaemon/appdaemon.yaml
2018-06-21 16:52:36.434822 INFO AppDaemon Version 3.0.1 starting
2018-06-21 16:52:36.435613 INFO Configuration read from: /config/appdaemon/appdaemon.yaml
2018-06-21 16:52:40.335820 INFO AppDaemon Version 3.0.1 starting
2018-06-21 16:52:40.336574 INFO Configuration read from: /config/appdaemon/appdaemon.yaml
2018-06-21 16:52:44.308152 INFO AppDaemon Version 3.0.1 starting
2018-06-21 16:52:44.308892 INFO Configuration read from: /config/appdaemon/appdaemon.yaml
2018-06-21 16:52:48.392146 INFO AppDaemon Version 3.0.1 starting
2018-06-21 16:52:48.392892 INFO Configuration read from: /config/appdaemon/appdaemon.yaml
2018-06-21 16:52:52.608444 INFO AppDaemon Version 3.0.1 starting
2018-06-21 16:52:52.609192 INFO Configuration read from: /config/appdaemon/appdaemon.yaml
2018-06-21 16:52:56.630250 INFO AppDaemon Version 3.0.1 starting
2018-06-21 16:52:56.630987 INFO Configuration read from: /config/appdaemon/appdaemon.yaml
2018-06-21 16:53:00.714891 INFO AppDaemon Version 3.0.1 starting
2018-06-21 16:53:00.715705 INFO Configuration read from: /config/appdaemon/appdaemon.yaml
2018-06-21 16:53:04.731048 INFO AppDaemon Version 3.0.1 starting
2018-06-21 16:53:04.731780 INFO Configuration read from: /config/appdaemon/appdaemon.yaml
2018-06-21 16:53:08.670485 INFO AppDaemon Version 3.0.1 starting
2018-06-21 16:53:08.679563 INFO Configuration read from: /config/appdaemon/appdaemon.yaml
2018-06-21 16:53:12.628709 INFO AppDaemon Version 3.0.1 starting
2018-06-21 16:53:12.629456 INFO Configuration read from: /config/appdaemon/appdaemon.yaml
2018-06-21 16:53:16.658866 INFO AppDaemon Version 3.0.1 starting
2018-06-21 16:53:16.659595 INFO Configuration read from: /config/appdaemon/appdaemon.yaml
2018-06-21 16:53:20.596960 INFO AppDaemon Version 3.0.1 starting
2018-06-21 16:53:20.597687 INFO Configuration read from: /config/appdaemon/appdaemon.yaml
2018-06-21 16:53:24.616015 INFO AppDaemon Version 3.0.1 starting
2018-06-21 16:53:24.616780 INFO Configuration read from: /config/appdaemon/appdaemon.yaml
2018-06-21 16:53:28.603330 INFO AppDaemon Version 3.0.1 starting
2018-06-21 16:53:28.604063 INFO Configuration read from: /config/appdaemon/appdaemon.yaml
2018-06-21 16:53:32.566817 INFO AppDaemon Version 3.0.1 starting
2018-06-21 16:53:32.567551 INFO Configuration read from: /config/appdaemon/appdaemon.yaml
2018-06-21 16:53:36.542100 INFO AppDaemon Version 3.0.1 starting
2018-06-21 16:53:36.542834 INFO Configuration read from: /config/appdaemon/appdaemon.yaml
2018-06-21 16:53:40.500491 INFO AppDaemon Version 3.0.1 starting
2018-06-21 16:53:40.501238 INFO Configuration read from: /config/appdaemon/appdaemon.yaml
2018-06-21 16:53:44.401268 INFO AppDaemon Version 3.0.1 starting
2018-06-21 16:53:44.401998 INFO Configuration read from: /config/appdaemon/appdaemon.yaml
2018-06-21 16:53:48.338903 INFO AppDaemon Version 3.0.1 starting
2018-06-21 16:53:48.339664 INFO Configuration read from: /config/appdaemon/appdaemon.yaml
2018-06-21 16:53:52.250883 INFO AppDaemon Version 3.0.1 starting
2018-06-21 16:53:52.251606 INFO Configuration read from: /config/appdaemon/appdaemon.yaml
2018-06-21 16:53:56.290108 INFO AppDaemon Version 3.0.1 starting
2018-06-21 16:53:56.290842 INFO Configuration read from: /config/appdaemon/appdaemon.yaml
2018-06-21 16:54:00.233094 INFO AppDaemon Version 3.0.1 starting
2018-06-21 16:54:00.233846 INFO Configuration read from: /config/appdaemon/appdaemon.yaml
2018-06-21 16:54:04.205480 INFO AppDaemon Version 3.0.1 starting
2018-06-21 16:54:04.206271 INFO Configuration read from: /config/appdaemon/appdaemon.yaml
2018-06-21 16:54:08.120616 INFO AppDaemon Version 3.0.1 starting
2018-06-21 16:54:08.121349 INFO Configuration read from: /config/appdaemon/appdaemon.yaml
2018-06-21 16:54:12.129739 INFO AppDaemon Version 3.0.1 starting
2018-06-21 16:54:12.130478 INFO Configuration read from: /config/appdaemon/appdaemon.yaml
2018-06-21 16:54:16.056840 INFO AppDaemon Version 3.0.1 starting
2018-06-21 16:54:16.057586 INFO Configuration read from: /config/appdaemon/appdaemon.yaml
2018-06-21 16:54:20.015546 INFO AppDaemon Version 3.0.1 starting
2018-06-21 16:54:20.016289 INFO Configuration read from: /config/appdaemon/appdaemon.yaml
2018-06-21 16:54:23.913460 INFO AppDaemon Version 3.0.1 starting
2018-06-21 16:54:23.914209 INFO Configuration read from: /config/appdaemon/appdaemon.yaml
2018-06-21 16:54:27.882555 INFO AppDaemon Version 3.0.1 starting
2018-06-21 16:54:27.883303 INFO Configuration read from: /config/appdaemon/appdaemon.yaml
2018-06-21 16:54:31.807989 INFO AppDaemon Version 3.0.1 starting
2018-06-21 16:54:31.808729 INFO Configuration read from: /config/appdaemon/appdaemon.yaml
2018-06-21 16:54:35.714797 INFO AppDaemon Version 3.0.1 starting
2018-06-21 16:54:35.715611 INFO Configuration read from: /config/appdaemon/appdaemon.yaml
2018-06-21 16:54:39.724310 INFO AppDaemon Version 3.0.1 starting
2018-06-21 16:54:39.725047 INFO Configuration read from: /config/appdaemon/appdaemon.yaml
2018-06-21 16:54:43.639904 INFO AppDaemon Version 3.0.1 starting
2018-06-21 16:54:43.640642 INFO Configuration read from: /config/appdaemon/appdaemon.yaml
2018-06-21 16:54:47.540376 INFO AppDaemon Version 3.0.1 starting
2018-06-21 16:54:47.541118 INFO Configuration read from: /config/appdaemon/appdaemon.yaml
2018-06-21 16:54:51.647569 INFO AppDaemon Version 3.0.1 starting
2018-06-21 16:54:51.648318 INFO Configuration read from: /config/appdaemon/appdaemon.yaml
2018-06-21 16:54:55.571174 INFO AppDaemon Version 3.0.1 starting
2018-06-21 16:54:55.571913 INFO Configuration read from: /config/appdaemon/appdaemon.yaml
2018-06-21 16:54:59.586185 INFO AppDaemon Version 3.0.1 starting
2018-06-21 16:54:59.586986 INFO Configuration read from: /config/appdaemon/appdaemon.yaml
2018-06-21 16:55:03.510121 INFO AppDaemon Version 3.0.1 starting
2018-06-21 16:55:03.510855 INFO Configuration read from: /config/appdaemon/appdaemon.yaml
2018-06-21 16:55:07.512491 INFO AppDaemon Version 3.0.1 starting
2018-06-21 16:55:07.513231 INFO Configuration read from: /config/appdaemon/appdaemon.yaml
2018-06-21 16:55:11.437537 INFO AppDaemon Version 3.0.1 starting
2018-06-21 16:55:11.438266 INFO Configuration read from: /config/appdaemon/appdaemon.yaml
2018-06-21 16:55:15.418629 INFO AppDaemon Version 3.0.1 starting
2018-06-21 16:55:15.419370 INFO Configuration read from: /config/appdaemon/appdaemon.yaml
2018-06-21 16:55:19.390681 INFO AppDaemon Version 3.0.1 starting
2018-06-21 16:55:19.391414 INFO Configuration read from: /config/appdaemon/appdaemon.yaml
2018-06-21 16:55:23.345927 INFO AppDaemon Version 3.0.1 starting
2018-06-21 16:55:23.346689 INFO Configuration read from: /config/appdaemon/appdaemon.yaml
2018-06-21 16:55:27.310786 INFO AppDaemon Version 3.0.1 starting
2018-06-21 16:55:27.311518 INFO Configuration read from: /config/appdaemon/appdaemon.yaml
2018-06-21 16:55:31.300489 INFO AppDaemon Version 3.0.1 starting
2018-06-21 16:55:31.301216 INFO Configuration read from: /config/appdaemon/appdaemon.yaml
2018-06-21 16:55:35.265058 INFO AppDaemon Version 3.0.1 starting
2018-06-21 16:55:35.265868 INFO Configuration read from: /config/appdaemon/appdaemon.yaml
2018-06-21 16:55:39.275244 INFO AppDaemon Version 3.0.1 starting
2018-06-21 16:55:39.276034 INFO Configuration read from: /config/appdaemon/appdaemon.yaml
2018-06-21 16:55:55.209200 INFO AppDaemon Version 3.0.1 starting
2018-06-21 16:55:55.209951 INFO Configuration read from: /config/appdaemon/appdaemon.yaml
2018-06-21 16:55:59.360837 INFO AppDaemon Version 3.0.1 starting
2018-06-21 16:55:59.361582 INFO Configuration read from: /config/appdaemon/appdaemon.yaml
2018-06-21 16:56:03.387346 INFO AppDaemon Version 3.0.1 starting
2018-06-21 16:56:03.388069 INFO Configuration read from: /config/appdaemon/appdaemon.yaml
2018-06-21 16:56:03.391240 INFO AppDaemon: Starting Apps
2018-06-21 16:56:03.399479 INFO Dashboards are disabled
2018-06-21 16:56:03.400119 INFO API is disabled
2018-06-21 16:56:04.411924 INFO AppDeamon Exited
2018-06-21 16:56:08.463251 INFO AppDaemon Version 3.0.1 starting
2018-06-21 16:56:08.464917 INFO Configuration read from: /config/appdaemon/appdaemon.yaml
2018-06-21 16:56:08.468387 INFO AppDaemon: Starting Apps
2018-06-21 16:56:08.476479 INFO Dashboards are disabled
2018-06-21 16:56:08.477080 INFO API is disabled
2018-06-21 16:56:08.700346 INFO SIGTERM Recieved
2018-06-21 16:56:23.247747 INFO AppDaemon Version 3.0.1 starting
2018-06-21 16:56:23.248490 INFO Configuration read from: /config/appdaemon/appdaemon.yaml
2018-06-21 16:56:23.251684 INFO AppDaemon: Starting Apps
2018-06-21 16:56:23.259803 INFO Dashboards are disabled
2018-06-21 16:56:23.260414 INFO API is disabled
2018-06-21 16:56:24.280320 INFO AppDeamon Exited
2018-06-21 16:56:28.680983 INFO AppDaemon Version 3.0.1 starting
2018-06-21 16:56:28.681704 INFO Configuration read from: /config/appdaemon/appdaemon.yaml
2018-06-21 16:56:28.684893 INFO AppDaemon: Starting Apps
2018-06-21 16:56:28.693048 INFO Dashboards are disabled
2018-06-21 16:56:28.693644 INFO API is disabled
2018-06-21 16:56:29.705247 INFO AppDeamon Exited
2018-06-21 16:56:33.742599 INFO AppDaemon Version 3.0.1 starting
2018-06-21 16:56:33.743322 INFO Configuration read from: /config/appdaemon/appdaemon.yaml
2018-06-21 16:56:33.746582 INFO AppDaemon: Starting Apps
2018-06-21 16:56:33.754566 INFO Dashboards are disabled
2018-06-21 16:56:33.755158 INFO API is disabled
2018-06-21 16:56:34.767121 INFO AppDeamon Exited
2018-06-21 16:56:38.842305 INFO AppDaemon Version 3.0.1 starting
2018-06-21 16:56:38.843029 INFO Configuration read from: /config/appdaemon/appdaemon.yaml
2018-06-21 16:56:38.846241 INFO AppDaemon: Starting Apps
2018-06-21 16:56:38.854217 INFO Dashboards are disabled
2018-06-21 16:56:38.854811 INFO API is disabled
2018-06-21 16:56:39.866534 INFO AppDeamon Exited
2018-06-21 16:56:44.015889 INFO AppDaemon Version 3.0.1 starting
2018-06-21 16:56:44.016619 INFO Configuration read from: /config/appdaemon/appdaemon.yaml
2018-06-21 16:56:44.019784 INFO AppDaemon: Starting Apps
2018-06-21 16:56:44.027952 INFO Dashboards are disabled
2018-06-21 16:56:44.028573 INFO API is disabled
2018-06-21 16:56:45.040609 INFO AppDeamon Exited
2018-06-21 16:56:49.130461 INFO AppDaemon Version 3.0.1 starting
2018-06-21 16:56:49.131191 INFO Configuration read from: /config/appdaemon/appdaemon.yaml
2018-06-21 16:56:49.134630 INFO AppDaemon: Starting Apps
2018-06-21 16:56:49.142789 INFO Dashboards are disabled
2018-06-21 16:56:49.143394 INFO API is disabled
2018-06-21 16:56:50.154997 INFO AppDeamon Exited
2018-06-21 16:56:54.441602 INFO AppDaemon Version 3.0.1 starting
2018-06-21 16:56:54.442332 INFO Configuration read from: /config/appdaemon/appdaemon.yaml
2018-06-21 16:56:54.445528 INFO AppDaemon: Starting Apps
2018-06-21 16:56:54.453576 INFO Dashboards are disabled
2018-06-21 16:56:54.454169 INFO API is disabled
2018-06-21 16:56:55.467035 INFO AppDeamon Exited
2018-06-21 16:56:59.654022 INFO AppDaemon Version 3.0.1 starting
2018-06-21 16:56:59.654759 INFO Configuration read from: /config/appdaemon/appdaemon.yaml
2018-06-21 16:56:59.665924 INFO AppDaemon: Starting Apps
2018-06-21 16:56:59.674001 INFO Dashboards are disabled
2018-06-21 16:56:59.674592 INFO API is disabled
2018-06-21 16:57:00.686384 INFO AppDeamon Exited
2018-06-21 16:57:04.730418 INFO AppDaemon Version 3.0.1 starting
2018-06-21 16:57:04.731147 INFO Configuration read from: /config/appdaemon/appdaemon.yaml
2018-06-21 16:57:04.734320 INFO AppDaemon: Starting Apps
2018-06-21 16:57:04.742505 INFO Dashboards are disabled
2018-06-21 16:57:04.743100 INFO API is disabled
2018-06-21 16:57:05.754724 INFO AppDeamon Exited
2018-06-21 16:57:09.946459 INFO AppDaemon Version 3.0.1 starting
2018-06-21 16:57:09.947193 INFO Configuration read from: /config/appdaemon/appdaemon.yaml
2018-06-21 16:57:09.950381 INFO AppDaemon: Starting Apps
2018-06-21 16:57:09.958443 INFO Dashboards are disabled
2018-06-21 16:57:09.959045 INFO API is disabled
2018-06-21 16:57:10.972004 INFO AppDeamon Exited
2018-06-21 16:57:15.318911 INFO AppDaemon Version 3.0.1 starting
2018-06-21 16:57:15.319638 INFO Configuration read from: /config/appdaemon/appdaemon.yaml
2018-06-21 16:57:15.322846 INFO AppDaemon: Starting Apps
2018-06-21 16:57:15.331044 INFO Dashboards are disabled
2018-06-21 16:57:15.331637 INFO API is disabled
2018-06-21 16:57:16.351722 INFO AppDeamon Exited
2018-06-21 16:57:20.635427 INFO AppDaemon Version 3.0.1 starting
2018-06-21 16:57:20.636170 INFO Configuration read from: /config/appdaemon/appdaemon.yaml
2018-06-21 16:57:20.639371 INFO AppDaemon: Starting Apps
2018-06-21 16:57:20.647542 INFO Dashboards are disabled
2018-06-21 16:57:20.648142 INFO API is disabled
2018-06-21 16:57:21.667997 INFO AppDeamon Exited
2018-06-21 16:57:25.782964 INFO AppDaemon Version 3.0.1 starting
2018-06-21 16:57:25.783682 INFO Configuration read from: /config/appdaemon/appdaemon.yaml
2018-06-21 16:57:25.786902 INFO AppDaemon: Starting Apps
2018-06-21 16:57:25.794968 INFO Dashboards are disabled
2018-06-21 16:57:25.795651 INFO API is disabled
2018-06-21 16:57:26.814881 INFO AppDeamon Exited
2018-06-21 16:57:31.077066 INFO AppDaemon Version 3.0.1 starting
2018-06-21 16:57:31.077789 INFO Configuration read from: /config/appdaemon/appdaemon.yaml
2018-06-21 16:57:31.081001 INFO AppDaemon: Starting Apps
2018-06-21 16:57:31.089126 INFO Dashboards are disabled
2018-06-21 16:57:31.089718 INFO API is disabled
2018-06-21 16:57:32.101493 INFO AppDeamon Exited
2018-06-21 16:57:36.241697 INFO AppDaemon Version 3.0.1 starting
2018-06-21 16:57:36.242436 INFO Configuration read from: /config/appdaemon/appdaemon.yaml
2018-06-21 16:57:36.245696 INFO AppDaemon: Starting Apps
2018-06-21 16:57:36.253713 INFO Dashboards are disabled
2018-06-21 16:57:36.254310 INFO API is disabled
2018-06-21 16:57:37.266229 INFO AppDeamon Exited
2018-06-21 16:57:41.404149 INFO AppDaemon Version 3.0.1 starting
2018-06-21 16:57:41.404880 INFO Configuration read from: /config/appdaemon/appdaemon.yaml
2018-06-21 16:57:41.414714 INFO AppDaemon: Starting Apps
2018-06-21 16:57:41.422800 INFO Dashboards are disabled
2018-06-21 16:57:41.423412 INFO API is disabled
2018-06-21 16:57:42.435192 INFO AppDeamon Exited
2018-06-21 16:57:46.482206 INFO AppDaemon Version 3.0.1 starting
2018-06-21 16:57:46.482934 INFO Configuration read from: /config/appdaemon/appdaemon.yaml
2018-06-21 16:57:46.486221 INFO AppDaemon: Starting Apps
2018-06-21 16:57:46.494545 INFO Dashboards are disabled
2018-06-21 16:57:46.495148 INFO API is disabled
2018-06-21 16:57:47.514838 INFO AppDeamon Exited
2018-06-21 16:57:51.846014 INFO AppDaemon Version 3.0.1 starting
2018-06-21 16:57:51.846744 INFO Configuration read from: /config/appdaemon/appdaemon.yaml
2018-06-21 16:57:51.849940 INFO AppDaemon: Starting Apps
2018-06-21 16:57:51.857999 INFO Dashboards are disabled
2018-06-21 16:57:51.858627 INFO API is disabled
2018-06-21 16:57:52.877578 INFO AppDeamon Exited
2018-06-21 16:57:56.898867 INFO AppDaemon Version 3.0.1 starting
2018-06-21 16:57:56.899599 INFO Configuration read from: /config/appdaemon/appdaemon.yaml
2018-06-21 16:57:56.902961 INFO AppDaemon: Starting Apps
2018-06-21 16:57:56.911234 INFO Dashboards are disabled
2018-06-21 16:57:56.911837 INFO API is disabled
2018-06-21 16:57:57.923560 INFO AppDeamon Exited
2018-06-21 16:58:02.085176 INFO AppDaemon Version 3.0.1 starting
2018-06-21 16:58:02.086029 INFO Configuration read from: /config/appdaemon/appdaemon.yaml
2018-06-21 16:58:02.089279 INFO AppDaemon: Starting Apps
2018-06-21 16:58:02.097413 INFO Dashboards are disabled
2018-06-21 16:58:02.098011 INFO API is disabled
2018-06-21 16:58:03.110511 INFO AppDeamon Exited
2018-06-21 16:58:07.270034 INFO AppDaemon Version 3.0.1 starting
2018-06-21 16:58:07.270776 INFO Configuration read from: /config/appdaemon/appdaemon.yaml
2018-06-21 16:58:07.273961 INFO AppDaemon: Starting Apps
2018-06-21 16:58:07.282952 INFO Dashboards are disabled
2018-06-21 16:58:07.283556 INFO API is disabled
2018-06-21 16:58:08.295512 INFO AppDeamon Exited
2018-06-21 16:58:12.498785 INFO AppDaemon Version 3.0.1 starting
2018-06-21 16:58:12.499529 INFO Configuration read from: /config/appdaemon/appdaemon.yaml
2018-06-21 16:58:12.502694 INFO AppDaemon: Starting Apps
2018-06-21 16:58:12.510733 INFO Dashboards are disabled
2018-06-21 16:58:12.511342 INFO API is disabled
2018-06-21 16:58:13.523126 INFO AppDeamon Exited
2018-06-21 16:58:17.642821 INFO AppDaemon Version 3.0.1 starting
2018-06-21 16:58:17.643559 INFO Configuration read from: /config/appdaemon/appdaemon.yaml
2018-06-21 16:58:17.646850 INFO AppDaemon: Starting Apps
2018-06-21 16:58:17.654909 INFO Dashboards are disabled
2018-06-21 16:58:17.655591 INFO API is disabled
2018-06-21 16:58:18.676740 INFO AppDeamon Exited
2018-06-21 16:58:22.743754 INFO AppDaemon Version 3.0.1 starting
2018-06-21 16:58:22.744502 INFO Configuration read from: /config/appdaemon/appdaemon.yaml
2018-06-21 16:58:22.747782 INFO AppDaemon: Starting Apps
2018-06-21 16:58:22.755922 INFO Dashboards are disabled
2018-06-21 16:58:22.756537 INFO API is disabled
2018-06-21 16:58:23.776671 INFO AppDeamon Exited
2018-06-21 16:58:28.029324 INFO AppDaemon Version 3.0.1 starting
2018-06-21 16:58:28.030056 INFO Configuration read from: /config/appdaemon/appdaemon.yaml
2018-06-21 16:58:28.033232 INFO AppDaemon: Starting Apps
2018-06-21 16:58:28.041262 INFO Dashboards are disabled
2018-06-21 16:58:28.041854 INFO API is disabled
2018-06-21 16:58:29.054307 INFO AppDeamon Exited
2018-06-21 16:58:33.195679 INFO AppDaemon Version 3.0.1 starting
2018-06-21 16:58:33.196419 INFO Configuration read from: /config/appdaemon/appdaemon.yaml
2018-06-21 16:58:33.199618 INFO AppDaemon: Starting Apps
2018-06-21 16:58:33.207681 INFO Dashboards are disabled
2018-06-21 16:58:33.208294 INFO API is disabled
2018-06-21 16:58:34.220368 INFO AppDeamon Exited
