2018-06-21 16:56:04.403058 ERROR AppDaemon: Required attribute not set or obtainable from any plugin: latitude
2018-06-21 16:56:04.404283 ERROR AppDaemon: AppDaemon is terminating
2018-06-21 16:56:04.405411 ERROR AppDaemon: Required attribute not set or obtainable from any plugin: longitude
2018-06-21 16:56:04.406239 ERROR AppDaemon: AppDaemon is terminating
2018-06-21 16:56:04.407203 ERROR AppDaemon: Required attribute not set or obtainable from any plugin: elevation
2018-06-21 16:56:04.408034 ERROR AppDaemon: AppDaemon is terminating
2018-06-21 16:56:04.408923 ERROR AppDaemon: Required attribute not set or obtainable from any plugin: time_zone
2018-06-21 16:56:04.409723 ERROR AppDaemon: AppDaemon is terminating
2018-06-21 16:56:24.263382 ERROR AppDaemon: Required attribute not set or obtainable from any plugin: latitude
2018-06-21 16:56:24.264609 ERROR AppDaemon: AppDaemon is terminating
2018-06-21 16:56:24.273230 ERROR AppDaemon: Required attribute not set or obtainable from any plugin: longitude
2018-06-21 16:56:24.274236 ERROR AppDaemon: AppDaemon is terminating
2018-06-21 16:56:24.275211 ERROR AppDaemon: Required attribute not set or obtainable from any plugin: elevation
2018-06-21 16:56:24.276168 ERROR AppDaemon: AppDaemon is terminating
2018-06-21 16:56:24.277112 ERROR AppDaemon: Required attribute not set or obtainable from any plugin: time_zone
2018-06-21 16:56:24.278011 ERROR AppDaemon: AppDaemon is terminating
2018-06-21 16:56:29.696607 ERROR AppDaemon: Required attribute not set or obtainable from any plugin: latitude
2018-06-21 16:56:29.697787 ERROR AppDaemon: AppDaemon is terminating
2018-06-21 16:56:29.698814 ERROR AppDaemon: Required attribute not set or obtainable from any plugin: longitude
2018-06-21 16:56:29.699638 ERROR AppDaemon: AppDaemon is terminating
2018-06-21 16:56:29.700525 ERROR AppDaemon: Required attribute not set or obtainable from any plugin: elevation
2018-06-21 16:56:29.701340 ERROR AppDaemon: AppDaemon is terminating
2018-06-21 16:56:29.702219 ERROR AppDaemon: Required attribute not set or obtainable from any plugin: time_zone
2018-06-21 16:56:29.703036 ERROR AppDaemon: AppDaemon is terminating
2018-06-21 16:56:34.758253 ERROR AppDaemon: Required attribute not set or obtainable from any plugin: latitude
2018-06-21 16:56:34.759428 ERROR AppDaemon: AppDaemon is terminating
2018-06-21 16:56:34.760442 ERROR AppDaemon: Required attribute not set or obtainable from any plugin: longitude
2018-06-21 16:56:34.761260 ERROR AppDaemon: AppDaemon is terminating
2018-06-21 16:56:34.762135 ERROR AppDaemon: Required attribute not set or obtainable from any plugin: elevation
2018-06-21 16:56:34.762944 ERROR AppDaemon: AppDaemon is terminating
2018-06-21 16:56:34.763814 ERROR AppDaemon: Required attribute not set or obtainable from any plugin: time_zone
2018-06-21 16:56:34.764625 ERROR AppDaemon: AppDaemon is terminating
2018-06-21 16:56:39.857863 ERROR AppDaemon: Required attribute not set or obtainable from any plugin: latitude
2018-06-21 16:56:39.859046 ERROR AppDaemon: AppDaemon is terminating
2018-06-21 16:56:39.860056 ERROR AppDaemon: Required attribute not set or obtainable from any plugin: longitude
2018-06-21 16:56:39.860866 ERROR AppDaemon: AppDaemon is terminating
2018-06-21 16:56:39.861742 ERROR AppDaemon: Required attribute not set or obtainable from any plugin: elevation
2018-06-21 16:56:39.862552 ERROR AppDaemon: AppDaemon is terminating
2018-06-21 16:56:39.863421 ERROR AppDaemon: Required attribute not set or obtainable from any plugin: time_zone
2018-06-21 16:56:39.864224 ERROR AppDaemon: AppDaemon is terminating
2018-06-21 16:56:45.031553 ERROR AppDaemon: Required attribute not set or obtainable from any plugin: latitude
2018-06-21 16:56:45.032724 ERROR AppDaemon: AppDaemon is terminating
2018-06-21 16:56:45.033732 ERROR AppDaemon: Required attribute not set or obtainable from any plugin: longitude
2018-06-21 16:56:45.034552 ERROR AppDaemon: AppDaemon is terminating
2018-06-21 16:56:45.035564 ERROR AppDaemon: Required attribute not set or obtainable from any plugin: elevation
2018-06-21 16:56:45.036511 ERROR AppDaemon: AppDaemon is terminating
2018-06-21 16:56:45.037529 ERROR AppDaemon: Required attribute not set or obtainable from any plugin: time_zone
2018-06-21 16:56:45.038367 ERROR AppDaemon: AppDaemon is terminating
2018-06-21 16:56:50.146335 ERROR AppDaemon: Required attribute not set or obtainable from any plugin: latitude
2018-06-21 16:56:50.147576 ERROR AppDaemon: AppDaemon is terminating
2018-06-21 16:56:50.148595 ERROR AppDaemon: Required attribute not set or obtainable from any plugin: longitude
2018-06-21 16:56:50.149409 ERROR AppDaemon: AppDaemon is terminating
2018-06-21 16:56:50.150277 ERROR AppDaemon: Required attribute not set or obtainable from any plugin: elevation
2018-06-21 16:56:50.151136 ERROR AppDaemon: AppDaemon is terminating
2018-06-21 16:56:50.152014 ERROR AppDaemon: Required attribute not set or obtainable from any plugin: time_zone
2018-06-21 16:56:50.152821 ERROR AppDaemon: AppDaemon is terminating
2018-06-21 16:56:55.457256 ERROR AppDaemon: Required attribute not set or obtainable from any plugin: latitude
2018-06-21 16:56:55.458735 ERROR AppDaemon: AppDaemon is terminating
2018-06-21 16:56:55.459774 ERROR AppDaemon: Required attribute not set or obtainable from any plugin: longitude
2018-06-21 16:56:55.460585 ERROR AppDaemon: AppDaemon is terminating
2018-06-21 16:56:55.461450 ERROR AppDaemon: Required attribute not set or obtainable from any plugin: elevation
2018-06-21 16:56:55.462247 ERROR AppDaemon: AppDaemon is terminating
2018-06-21 16:56:55.463109 ERROR AppDaemon: Required attribute not set or obtainable from any plugin: time_zone
2018-06-21 16:56:55.464036 ERROR AppDaemon: AppDaemon is terminating
2018-06-21 16:57:00.677671 ERROR AppDaemon: Required attribute not set or obtainable from any plugin: latitude
2018-06-21 16:57:00.678847 ERROR AppDaemon: AppDaemon is terminating
2018-06-21 16:57:00.679860 ERROR AppDaemon: Required attribute not set or obtainable from any plugin: longitude
2018-06-21 16:57:00.680727 ERROR AppDaemon: AppDaemon is terminating
2018-06-21 16:57:00.681602 ERROR AppDaemon: Required attribute not set or obtainable from any plugin: elevation
2018-06-21 16:57:00.682413 ERROR AppDaemon: AppDaemon is terminating
2018-06-21 16:57:00.683290 ERROR AppDaemon: Required attribute not set or obtainable from any plugin: time_zone
2018-06-21 16:57:00.684099 ERROR AppDaemon: AppDaemon is terminating
2018-06-21 16:57:05.746066 ERROR AppDaemon: Required attribute not set or obtainable from any plugin: latitude
2018-06-21 16:57:05.747256 ERROR AppDaemon: AppDaemon is terminating
2018-06-21 16:57:05.748287 ERROR AppDaemon: Required attribute not set or obtainable from any plugin: longitude
2018-06-21 16:57:05.749114 ERROR AppDaemon: AppDaemon is terminating
2018-06-21 16:57:05.750000 ERROR AppDaemon: Required attribute not set or obtainable from any plugin: elevation
2018-06-21 16:57:05.750817 ERROR AppDaemon: AppDaemon is terminating
2018-06-21 16:57:05.751699 ERROR AppDaemon: Required attribute not set or obtainable from any plugin: time_zone
2018-06-21 16:57:05.752516 ERROR AppDaemon: AppDaemon is terminating
2018-06-21 16:57:10.962029 ERROR AppDaemon: Required attribute not set or obtainable from any plugin: latitude
2018-06-21 16:57:10.963219 ERROR AppDaemon: AppDaemon is terminating
2018-06-21 16:57:10.964415 ERROR AppDaemon: Required attribute not set or obtainable from any plugin: longitude
2018-06-21 16:57:10.965674 ERROR AppDaemon: AppDaemon is terminating
2018-06-21 16:57:10.966993 ERROR AppDaemon: Required attribute not set or obtainable from any plugin: elevation
2018-06-21 16:57:10.967983 ERROR AppDaemon: AppDaemon is terminating
2018-06-21 16:57:10.968909 ERROR AppDaemon: Required attribute not set or obtainable from any plugin: time_zone
2018-06-21 16:57:10.969740 ERROR AppDaemon: AppDaemon is terminating
2018-06-21 16:57:16.334591 ERROR AppDaemon: Required attribute not set or obtainable from any plugin: latitude
2018-06-21 16:57:16.335981 ERROR AppDaemon: AppDaemon is terminating
2018-06-21 16:57:16.344558 ERROR AppDaemon: Required attribute not set or obtainable from any plugin: longitude
2018-06-21 16:57:16.345793 ERROR AppDaemon: AppDaemon is terminating
2018-06-21 16:57:16.346873 ERROR AppDaemon: Required attribute not set or obtainable from any plugin: elevation
2018-06-21 16:57:16.347790 ERROR AppDaemon: AppDaemon is terminating
2018-06-21 16:57:16.348683 ERROR AppDaemon: Required attribute not set or obtainable from any plugin: time_zone
2018-06-21 16:57:16.349498 ERROR AppDaemon: AppDaemon is terminating
2018-06-21 16:57:21.651103 ERROR AppDaemon: Required attribute not set or obtainable from any plugin: latitude
2018-06-21 16:57:21.652312 ERROR AppDaemon: AppDaemon is terminating
2018-06-21 16:57:21.660893 ERROR AppDaemon: Required attribute not set or obtainable from any plugin: longitude
2018-06-21 16:57:21.662090 ERROR AppDaemon: AppDaemon is terminating
2018-06-21 16:57:21.663073 ERROR AppDaemon: Required attribute not set or obtainable from any plugin: elevation
2018-06-21 16:57:21.663898 ERROR AppDaemon: AppDaemon is terminating
2018-06-21 16:57:21.664778 ERROR AppDaemon: Required attribute not set or obtainable from any plugin: time_zone
2018-06-21 16:57:21.665707 ERROR AppDaemon: AppDaemon is terminating
2018-06-21 16:57:26.798636 ERROR AppDaemon: Required attribute not set or obtainable from any plugin: latitude
2018-06-21 16:57:26.799819 ERROR AppDaemon: AppDaemon is terminating
2018-06-21 16:57:26.808280 ERROR AppDaemon: Required attribute not set or obtainable from any plugin: longitude
2018-06-21 16:57:26.809267 ERROR AppDaemon: AppDaemon is terminating
2018-06-21 16:57:26.810205 ERROR AppDaemon: Required attribute not set or obtainable from any plugin: elevation
2018-06-21 16:57:26.811011 ERROR AppDaemon: AppDaemon is terminating
2018-06-21 16:57:26.811872 ERROR AppDaemon: Required attribute not set or obtainable from any plugin: time_zone
2018-06-21 16:57:26.812667 ERROR AppDaemon: AppDaemon is terminating
2018-06-21 16:57:32.092661 ERROR AppDaemon: Required attribute not set or obtainable from any plugin: latitude
2018-06-21 16:57:32.093847 ERROR AppDaemon: AppDaemon is terminating
2018-06-21 16:57:32.094881 ERROR AppDaemon: Required attribute not set or obtainable from any plugin: longitude
2018-06-21 16:57:32.095838 ERROR AppDaemon: AppDaemon is terminating
2018-06-21 16:57:32.096721 ERROR AppDaemon: Required attribute not set or obtainable from any plugin: elevation
2018-06-21 16:57:32.097528 ERROR AppDaemon: AppDaemon is terminating
2018-06-21 16:57:32.098419 ERROR AppDaemon: Required attribute not set or obtainable from any plugin: time_zone
2018-06-21 16:57:32.099258 ERROR AppDaemon: AppDaemon is terminating
2018-06-21 16:57:37.257374 ERROR AppDaemon: Required attribute not set or obtainable from any plugin: latitude
2018-06-21 16:57:37.258575 ERROR AppDaemon: AppDaemon is terminating
2018-06-21 16:57:37.259640 ERROR AppDaemon: Required attribute not set or obtainable from any plugin: longitude
2018-06-21 16:57:37.260472 ERROR AppDaemon: AppDaemon is terminating
2018-06-21 16:57:37.261359 ERROR AppDaemon: Required attribute not set or obtainable from any plugin: elevation
2018-06-21 16:57:37.262177 ERROR AppDaemon: AppDaemon is terminating
2018-06-21 16:57:37.263057 ERROR AppDaemon: Required attribute not set or obtainable from any plugin: time_zone
2018-06-21 16:57:37.263870 ERROR AppDaemon: AppDaemon is terminating
2018-06-21 16:57:42.426363 ERROR AppDaemon: Required attribute not set or obtainable from any plugin: latitude
2018-06-21 16:57:42.427546 ERROR AppDaemon: AppDaemon is terminating
2018-06-21 16:57:42.428640 ERROR AppDaemon: Required attribute not set or obtainable from any plugin: longitude
2018-06-21 16:57:42.429496 ERROR AppDaemon: AppDaemon is terminating
2018-06-21 16:57:42.430392 ERROR AppDaemon: Required attribute not set or obtainable from any plugin: elevation
2018-06-21 16:57:42.431212 ERROR AppDaemon: AppDaemon is terminating
2018-06-21 16:57:42.432093 ERROR AppDaemon: Required attribute not set or obtainable from any plugin: time_zone
2018-06-21 16:57:42.432908 ERROR AppDaemon: AppDaemon is terminating
2018-06-21 16:57:47.498269 ERROR AppDaemon: Required attribute not set or obtainable from any plugin: latitude
2018-06-21 16:57:47.499479 ERROR AppDaemon: AppDaemon is terminating
2018-06-21 16:57:47.507996 ERROR AppDaemon: Required attribute not set or obtainable from any plugin: longitude
2018-06-21 16:57:47.509035 ERROR AppDaemon: AppDaemon is terminating
2018-06-21 16:57:47.510013 ERROR AppDaemon: Required attribute not set or obtainable from any plugin: elevation
2018-06-21 16:57:47.510852 ERROR AppDaemon: AppDaemon is terminating
2018-06-21 16:57:47.511742 ERROR AppDaemon: Required attribute not set or obtainable from any plugin: time_zone
2018-06-21 16:57:47.512562 ERROR AppDaemon: AppDaemon is terminating
2018-06-21 16:57:52.861643 ERROR AppDaemon: Required attribute not set or obtainable from any plugin: latitude
2018-06-21 16:57:52.862865 ERROR AppDaemon: AppDaemon is terminating
2018-06-21 16:57:52.870412 ERROR AppDaemon: Required attribute not set or obtainable from any plugin: longitude
2018-06-21 16:57:52.871547 ERROR AppDaemon: AppDaemon is terminating
2018-06-21 16:57:52.872560 ERROR AppDaemon: Required attribute not set or obtainable from any plugin: elevation
2018-06-21 16:57:52.873411 ERROR AppDaemon: AppDaemon is terminating
2018-06-21 16:57:52.874308 ERROR AppDaemon: Required attribute not set or obtainable from any plugin: time_zone
2018-06-21 16:57:52.875138 ERROR AppDaemon: AppDaemon is terminating
2018-06-21 16:57:57.914820 ERROR AppDaemon: Required attribute not set or obtainable from any plugin: latitude
2018-06-21 16:57:57.916088 ERROR AppDaemon: AppDaemon is terminating
2018-06-21 16:57:57.917138 ERROR AppDaemon: Required attribute not set or obtainable from any plugin: longitude
2018-06-21 16:57:57.917955 ERROR AppDaemon: AppDaemon is terminating
2018-06-21 16:57:57.918834 ERROR AppDaemon: Required attribute not set or obtainable from any plugin: elevation
2018-06-21 16:57:57.919641 ERROR AppDaemon: AppDaemon is terminating
2018-06-21 16:57:57.920516 ERROR AppDaemon: Required attribute not set or obtainable from any plugin: time_zone
2018-06-21 16:57:57.921352 ERROR AppDaemon: AppDaemon is terminating
2018-06-21 16:58:03.100993 ERROR AppDaemon: Required attribute not set or obtainable from any plugin: latitude
2018-06-21 16:58:03.102284 ERROR AppDaemon: AppDaemon is terminating
2018-06-21 16:58:03.103567 ERROR AppDaemon: Required attribute not set or obtainable from any plugin: longitude
2018-06-21 16:58:03.104586 ERROR AppDaemon: AppDaemon is terminating
2018-06-21 16:58:03.105644 ERROR AppDaemon: Required attribute not set or obtainable from any plugin: elevation
2018-06-21 16:58:03.106483 ERROR AppDaemon: AppDaemon is terminating
2018-06-21 16:58:03.107360 ERROR AppDaemon: Required attribute not set or obtainable from any plugin: time_zone
2018-06-21 16:58:03.108193 ERROR AppDaemon: AppDaemon is terminating
2018-06-21 16:58:08.286521 ERROR AppDaemon: Required attribute not set or obtainable from any plugin: latitude
2018-06-21 16:58:08.287722 ERROR AppDaemon: AppDaemon is terminating
2018-06-21 16:58:08.288801 ERROR AppDaemon: Required attribute not set or obtainable from any plugin: longitude
2018-06-21 16:58:08.289676 ERROR AppDaemon: AppDaemon is terminating
2018-06-21 16:58:08.290574 ERROR AppDaemon: Required attribute not set or obtainable from any plugin: elevation
2018-06-21 16:58:08.291391 ERROR AppDaemon: AppDaemon is terminating
2018-06-21 16:58:08.292271 ERROR AppDaemon: Required attribute not set or obtainable from any plugin: time_zone
2018-06-21 16:58:08.293085 ERROR AppDaemon: AppDaemon is terminating
2018-06-21 16:58:13.514325 ERROR AppDaemon: Required attribute not set or obtainable from any plugin: latitude
2018-06-21 16:58:13.515606 ERROR AppDaemon: AppDaemon is terminating
2018-06-21 16:58:13.516678 ERROR AppDaemon: Required attribute not set or obtainable from any plugin: longitude
2018-06-21 16:58:13.517508 ERROR AppDaemon: AppDaemon is terminating
2018-06-21 16:58:13.518390 ERROR AppDaemon: Required attribute not set or obtainable from any plugin: elevation
2018-06-21 16:58:13.519197 ERROR AppDaemon: AppDaemon is terminating
2018-06-21 16:58:13.520127 ERROR AppDaemon: Required attribute not set or obtainable from any plugin: time_zone
2018-06-21 16:58:13.520929 ERROR AppDaemon: AppDaemon is terminating
2018-06-21 16:58:18.658591 ERROR AppDaemon: Required attribute not set or obtainable from any plugin: latitude
2018-06-21 16:58:18.668274 ERROR AppDaemon: AppDaemon is terminating
2018-06-21 16:58:18.669712 ERROR AppDaemon: Required attribute not set or obtainable from any plugin: longitude
2018-06-21 16:58:18.670629 ERROR AppDaemon: AppDaemon is terminating
2018-06-21 16:58:18.671524 ERROR AppDaemon: Required attribute not set or obtainable from any plugin: elevation
2018-06-21 16:58:18.672574 ERROR AppDaemon: AppDaemon is terminating
2018-06-21 16:58:18.673538 ERROR AppDaemon: Required attribute not set or obtainable from any plugin: time_zone
2018-06-21 16:58:18.674363 ERROR AppDaemon: AppDaemon is terminating
2018-06-21 16:58:23.759499 ERROR AppDaemon: Required attribute not set or obtainable from any plugin: latitude
2018-06-21 16:58:23.768629 ERROR AppDaemon: AppDaemon is terminating
2018-06-21 16:58:23.769977 ERROR AppDaemon: Required attribute not set or obtainable from any plugin: longitude
2018-06-21 16:58:23.770882 ERROR AppDaemon: AppDaemon is terminating
2018-06-21 16:58:23.771773 ERROR AppDaemon: Required attribute not set or obtainable from any plugin: elevation
2018-06-21 16:58:23.772593 ERROR AppDaemon: AppDaemon is terminating
2018-06-21 16:58:23.773466 ERROR AppDaemon: Required attribute not set or obtainable from any plugin: time_zone
2018-06-21 16:58:23.774279 ERROR AppDaemon: AppDaemon is terminating
2018-06-21 16:58:29.044815 ERROR AppDaemon: Required attribute not set or obtainable from any plugin: latitude
2018-06-21 16:58:29.046175 ERROR AppDaemon: AppDaemon is terminating
2018-06-21 16:58:29.047233 ERROR AppDaemon: Required attribute not set or obtainable from any plugin: longitude
2018-06-21 16:58:29.048064 ERROR AppDaemon: AppDaemon is terminating
2018-06-21 16:58:29.048943 ERROR AppDaemon: Required attribute not set or obtainable from any plugin: elevation
2018-06-21 16:58:29.049744 ERROR AppDaemon: AppDaemon is terminating
2018-06-21 16:58:29.050922 ERROR AppDaemon: Required attribute not set or obtainable from any plugin: time_zone
2018-06-21 16:58:29.051869 ERROR AppDaemon: AppDaemon is terminating
2018-06-21 16:58:34.211261 ERROR AppDaemon: Required attribute not set or obtainable from any plugin: latitude
2018-06-21 16:58:34.212443 ERROR AppDaemon: AppDaemon is terminating
2018-06-21 16:58:34.213459 ERROR AppDaemon: Required attribute not set or obtainable from any plugin: longitude
2018-06-21 16:58:34.214277 ERROR AppDaemon: AppDaemon is terminating
2018-06-21 16:58:34.215151 ERROR AppDaemon: Required attribute not set or obtainable from any plugin: elevation
2018-06-21 16:58:34.216092 ERROR AppDaemon: AppDaemon is terminating
2018-06-21 16:58:34.216962 ERROR AppDaemon: Required attribute not set or obtainable from any plugin: time_zone
2018-06-21 16:58:34.217766 ERROR AppDaemon: AppDaemon is terminating
